南开校友/build/outputs/logs/manifest-merger-debug-report.txt
-- Merging decision tree log ---
manifest
ADDED from src\main\AndroidManifest.xml:2:1-124:12
	package
		ADDED from src\main\AndroidManifest.xml:4:5-34
		INJECTED from src\main\AndroidManifest.xml
		INJECTED from src\main\AndroidManifest.xml
	android:versionName
		INJECTED from src\main\AndroidManifest.xml
		INJECTED from src\main\AndroidManifest.xml
	xmlns:android
		ADDED from src\main\AndroidManifest.xml:3:5-63
	android:versionCode
		INJECTED from src\main\AndroidManifest.xml
		INJECTED from src\main\AndroidManifest.xml
uses-permission#android.permission.GET_ACCOUNTS
ADDED from src\main\AndroidManifest.xml:7:5-71
	android:name
		ADDED from src\main\AndroidManifest.xml:7:22-68
uses-permission#android.permission.READ_PROFILE
ADDED from src\main\AndroidManifest.xml:8:5-71
	android:name
		ADDED from src\main\AndroidManifest.xml:8:22-68
uses-permission#android.permission.READ_CONTACTS
ADDED from src\main\AndroidManifest.xml:9:5-72
	android:name
		ADDED from src\main\AndroidManifest.xml:9:22-69
uses-permission#android.permission.INTERNET
ADDED from src\main\AndroidManifest.xml:10:5-67
	android:name
		ADDED from src\main\AndroidManifest.xml:10:22-64
application
ADDED from src\main\AndroidManifest.xml:14:5-122:19
MERGED from [com.android.support:appcompat-v7:19.1.0] AndroidManifest.xml:19:5-20
MERGED from [com.android.support:support-v4:22.2.0] AndroidManifest.xml:22:5-20
MERGED from [com.google.android.gms:play-services-appindexing:8.1.0] AndroidManifest.xml:19:5-20
MERGED from [com.google.android.gms:play-services-basement:8.1.0] AndroidManifest.xml:20:5-24:19
MERGED from [com.android.support:support-v4:22.2.0] AndroidManifest.xml:22:5-20
	android:label
		ADDED from src\main\AndroidManifest.xml:16:9-30
	android:supportsRtl
		ADDED from src\main\AndroidManifest.xml:17:9-35
	android:allowBackup
		ADDED from src\main\AndroidManifest.xml:15:9-35
	android:theme
		ADDED from src\main\AndroidManifest.xml:18:9-41
meta-data#com.google.android.gms.version
ADDED from src\main\AndroidManifest.xml:21:9-23:69
MERGED from [com.google.android.gms:play-services-basement:8.1.0] AndroidManifest.xml:21:9-23:69
	android:value
		ADDED from src\main\AndroidManifest.xml:23:13-66
	android:name
		ADDED from src\main\AndroidManifest.xml:22:13-58
activity#nkubs.myapplication.Welcome
ADDED from src\main\AndroidManifest.xml:26:9-32:20
	android:name
		ADDED from src\main\AndroidManifest.xml:27:13-36
intent-filter#android.intent.action.MAIN+android.intent.category.LAUNCHER
ADDED from src\main\AndroidManifest.xml:28:13-31:29
action#android.intent.action.MAIN
ADDED from src\main\AndroidManifest.xml:29:17-69
	android:name
		ADDED from src\main\AndroidManifest.xml:29:25-66
category#android.intent.category.LAUNCHER
ADDED from src\main\AndroidManifest.xml:30:17-77
	android:name
		ADDED from src\main\AndroidManifest.xml:30:27-74
activity#nkubs.myapplication.Login
ADDED from src\main\AndroidManifest.xml:35:9-42:20
	android:name
		ADDED from src\main\AndroidManifest.xml:36:13-34
intent-filter#android.intent.category.DEFAULT+nkubs.myapplication.Login
ADDED from src\main\AndroidManifest.xml:38:13-41:29
action#nkubs.myapplication.Login
ADDED from src\main\AndroidManifest.xml:39:17-75
	android:name
		ADDED from src\main\AndroidManifest.xml:39:25-65
category#android.intent.category.DEFAULT
ADDED from src\main\AndroidManifest.xml:40:17-76
	android:name
		ADDED from src\main\AndroidManifest.xml:40:27-73
activity#nkubs.myapplication.Search
ADDED from src\main\AndroidManifest.xml:45:9-52:20
	android:label
		ADDED from src\main\AndroidManifest.xml:47:13-35
	android:name
		ADDED from src\main\AndroidManifest.xml:46:13-35
intent-filter#android.intent.category.DEFAULT+nkubs.myapplication.Search
ADDED from src\main\AndroidManifest.xml:48:13-51:29
action#nkubs.myapplication.Search
ADDED from src\main\AndroidManifest.xml:49:17-69
	android:name
		ADDED from src\main\AndroidManifest.xml:49:25-66
activity#nkubs.myapplication.SignUpFollow
ADDED from src\main\AndroidManifest.xml:55:9-62:20
	android:label
		ADDED from src\main\AndroidManifest.xml:57:13-35
	android:name
		ADDED from src\main\AndroidManifest.xml:56:13-41
intent-filter#android.intent.category.DEFAULT+nkubs.myapplication.SignUp
ADDED from src\main\AndroidManifest.xml:58:13-61:29
action#nkubs.myapplication.SignUp
ADDED from src\main\AndroidManifest.xml:59:17-76
	android:name
		ADDED from src\main\AndroidManifest.xml:59:25-66
activity#nkubs.myapplication.SignUp
ADDED from src\main\AndroidManifest.xml:64:9-67:20
	android:name
		ADDED from src\main\AndroidManifest.xml:64:19-41
activity#nkubs.myapplication.News
ADDED from src\main\AndroidManifest.xml:70:9-73:20
	android:name
		ADDED from src\main\AndroidManifest.xml:70:19-58
action#nkubs.myapplication.News
ADDED from src\main\AndroidManifest.xml:71:13-63
	android:name
		ADDED from src\main\AndroidManifest.xml:71:21-60
activity#nkubs.myapplication.Fellows
ADDED from src\main\AndroidManifest.xml:75:9-78:20
	android:name
		ADDED from src\main\AndroidManifest.xml:75:19-61
action#nkubs.myapplication.Fellows
ADDED from src\main\AndroidManifest.xml:76:13-66
	android:name
		ADDED from src\main\AndroidManifest.xml:76:21-63
activity#nkubs.myapplication.Donation
ADDED from src\main\AndroidManifest.xml:80:9-83:20
	android:name
		ADDED from src\main\AndroidManifest.xml:80:19-62
action#nkubs.myapplication.Donation
ADDED from src\main\AndroidManifest.xml:81:13-67
	android:name
		ADDED from src\main\AndroidManifest.xml:81:21-64
activity#nkubs.myapplication.Association
ADDED from src\main\AndroidManifest.xml:85:9-88:20
	android:name
		ADDED from src\main\AndroidManifest.xml:85:19-65
action#nkubs.myapplication.Association
ADDED from src\main\AndroidManifest.xml:86:13-70
	android:name
		ADDED from src\main\AndroidManifest.xml:86:21-67
activity#nkubs.myapplication.Mine
ADDED from src\main\AndroidManifest.xml:90:9-93:20
	android:name
		ADDED from src\main\AndroidManifest.xml:90:19-58
action#nkubs.myapplication.Mine
ADDED from src\main\AndroidManifest.xml:91:13-63
	android:name
		ADDED from src\main\AndroidManifest.xml:91:21-60
activity#nkubs.myapplication.Fellows_Friends
ADDED from src\main\AndroidManifest.xml:95:9-98:20
	android:name
		ADDED from src\main\AndroidManifest.xml:95:19-50
action#nkubs.myapplication.FriendsList
ADDED from src\main\AndroidManifest.xml:96:13-70
	android:name
		ADDED from src\main\AndroidManifest.xml:96:21-67
activity#nkubs.myapplication.Fellows_Find
ADDED from src\main\AndroidManifest.xml:100:9-103:20
	android:name
		ADDED from src\main\AndroidManifest.xml:100:19-66
action#nkubs.myapplication.Fellows_Find
ADDED from src\main\AndroidManifest.xml:101:13-71
	android:name
		ADDED from src\main\AndroidManifest.xml:101:21-68
activity#nkubs.myapplication.Fellows_Find_Accurate
ADDED from src\main\AndroidManifest.xml:105:9-108:20
	android:name
		ADDED from src\main\AndroidManifest.xml:105:19-56
action#nkubs.myapplication.Find_Accurate
ADDED from src\main\AndroidManifest.xml:106:13-72
	android:name
		ADDED from src\main\AndroidManifest.xml:106:21-69
activity#nkubs.myapplication.Fellows_Find_Condition
ADDED from src\main\AndroidManifest.xml:110:9-113:20
	android:name
		ADDED from src\main\AndroidManifest.xml:110:19-57
action#nkubs.myapplication.Find_Condition
ADDED from src\main\AndroidManifest.xml:111:9-69
	android:name
		ADDED from src\main\AndroidManifest.xml:111:17-66
activity#nkubs.myapplication.Fellows_Find_Contacts
ADDED from src\main\AndroidManifest.xml:115:9-118:20
	android:name
		ADDED from src\main\AndroidManifest.xml:115:19-56
action#nkubs.myapplication.Find_Contacts
ADDED from src\main\AndroidManifest.xml:116:13-72
	android:name
		ADDED from src\main\AndroidManifest.xml:116:21-69
uses-sdk
INJECTED from src\main\AndroidManifest.xml reason: use-sdk injection requested
MERGED from [com.android.support:appcompat-v7:19.1.0] AndroidManifest.xml:18:5-42
MERGED from [com.android.support:support-v4:22.2.0] AndroidManifest.xml:20:5-43
MERGED from [com.google.android.gms:play-services-appindexing:8.1.0] AndroidManifest.xml:18:5-42
MERGED from [com.google.android.gms:play-services-basement:8.1.0] AndroidManifest.xml:18:5-42
MERGED from [com.android.support:support-v4:22.2.0] AndroidManifest.xml:20:5-43
	android:targetSdkVersion
		INJECTED from src\main\AndroidManifest.xml
		INJECTED from src\main\AndroidManifest.xml
	android:minSdkVersion
		INJECTED from src\main\AndroidManifest.xml
		INJECTED from src\main\AndroidManifest.xml